<?xml version="1.0" encoding="UTF-8"?>
<!-- Generated by org.testng.reporters.JUnitReportReporter -->
<testsuite hostname="LIN51012003" failures="0" tests="1" name="TestRunner.TestRunner" time="145.485" errors="0" timestamp="06 May 2021 13:00:05 GMT" skipped="0">
  <testcase classname="TestRunner.TestRunner" name="feature" time="145.485"/>
</testsuite> <!-- TestRunner.TestRunner -->
